<?xml version="1.0" encoding="UTF-8"?>
<testng-results ignored="0" total="1" passed="1" failed="0" skipped="0">
  <reporter-output>
  </reporter-output>
  <suite started-at="2023-12-14T16:29:45 IST" name="Default suite" finished-at="2023-12-14T16:30:01 IST" duration-ms="16168">
    <groups>
    </groups>
    <test started-at="2023-12-14T16:29:45 IST" name="Default test" finished-at="2023-12-14T16:30:01 IST" duration-ms="16168">
      <class name="pageObject.Test.login">
        <test-method signature="submitorder()[pri:0, instance:pageObject.Test.login@72d1ad2e]" started-at="2023-12-14T16:29:45 IST" name="submitorder" finished-at="2023-12-14T16:30:01 IST" duration-ms="16106" status="PASS">
          <reporter-output>
          </reporter-output>
        </test-method> <!-- submitorder -->
      </class> <!-- pageObject.Test.login -->
    </test> <!-- Default test -->
  </suite> <!-- Default suite -->
</testng-results>
