<?xml version="1.0" encoding="UTF-8"?>
<!-- Generated by org.testng.reporters.JUnitXMLReporter -->
<testsuite ignored="0" hostname="Sanju" failures="0" tests="1" name="Test" time="21.928" errors="0" timestamp="2023-12-11T16:33:29 IST">
  <testcase classname="pageObject.Ecommerce.TestComponent.BaseTest" name="@AfterTest closedriver" time="-1.702292609894E9">
    <failure type="org.testng.TestNGException" message="
Can inject only one of &amp;lt;ITestContext, XmlTest&amp;gt; into a @AfterTest annotated closedriver.
For more information on native dependency injection please refer to https://testng.org/doc/documentation-main.html#native-dependency-injection">
      <![CDATA[org.testng.TestNGException: 
Can inject only one of <ITestContext, XmlTest> into a @AfterTest annotated closedriver.
For more information on native dependency injection please refer to https://testng.org/doc/documentation-main.html#native-dependency-injection
... Removed 21 stack frames]]>
    </failure>
  </testcase> <!-- @AfterTest closedriver -->
  <testcase classname="pageObject.Test.Ecommercelogin" name="Login" time="21.796"/>
</testsuite> <!-- Test -->
